{
  "stats": {
    "suites": 1,
    "tests": 10,
    "passes": 10,
    "pending": 0,
    "failures": 0,
    "start": "2026-09-26T02:19:04.732Z",
    "end": "2026-09-26T02:20:20.726Z",
    "duration": 75994,
    "testsRegistered": 10,
    "passPercent": 100,
    "pendingPercent": 0,
    "other": 0,
    "hasOther": false,
    "skipped": 0,
    "hasSkipped": false
  },
  "results": [
    {
      "uuid": "892537ad-ea18-475f-a961-c3d7490bbf41",
      "title": "",
      "fullFile": "cypress\\e2e\\3-OrangeHRM\\3.4-Final Project\\Directory page.cy.js",
      "file": "cypress\\e2e\\3-OrangeHRM\\3.4-Final Project\\Directory page.cy.js",
      "beforeHooks": [],
      "afterHooks": [],
      "tests": [],
      "suites": [
        {
          "uuid": "a6af9fd4-979f-4874-b1c4-834f29502d30",
          "title": "Directory page automation using POM and assertion",
          "fullFile": "",
          "file": "",
          "beforeHooks": [],
          "afterHooks": [],
          "tests": [
            {
              "title": "DC-01 Verify directory landing page",
              "fullTitle": "Directory page automation using POM and assertion DC-01 Verify directory landing page",
              "timedOut": null,
              "duration": 12870,
              "state": "passed",
              "speed": "slow",
              "pass": true,
              "fail": false,
              "pending": false,
              "context": null,
              "code": "_finalDirectory.default.verifyInterceptDirectoryPage();\n_finalDirectory.default.verifyDirectoryMenuandURL();\n_finalDirectory.default.verfiyDirectorySidePanel();",
              "err": {},
              "uuid": "5e723286-b15a-4756-a093-0cf3d62c6420",
              "parentUUID": "a6af9fd4-979f-4874-b1c4-834f29502d30",
              "isHook": false,
              "skipped": false
            },
            {
              "title": "DC-02 Search existing employee using employee first name",
              "fullTitle": "Directory page automation using POM and assertion DC-02 Search existing employee using employee first name",
              "timedOut": null,
              "duration": 7527,
              "state": "passed",
              "speed": "medium",
              "pass": true,
              "fail": false,
              "pending": false,
              "context": null,
              "code": "_finalDirectory.default.interceptEmployeeName();\n_finalDirectory.default.searchEmployeebyName(_finalData.default.employeeFirstName);\n_finalDirectory.default.verifyInterceptEmployeeSearcbyName();\n_finalDirectory.default.verifyEmployeebyName(false, _finalData.default.employeeFirstName);",
              "err": {},
              "uuid": "8f76651b-525b-4d16-af15-d8cf65df5ca7",
              "parentUUID": "a6af9fd4-979f-4874-b1c4-834f29502d30",
              "isHook": false,
              "skipped": false
            },
            {
              "title": "DC-03 Search existing employee using employee middle name",
              "fullTitle": "Directory page automation using POM and assertion DC-03 Search existing employee using employee middle name",
              "timedOut": null,
              "duration": 7924,
              "state": "passed",
              "speed": "medium",
              "pass": true,
              "fail": false,
              "pending": false,
              "context": null,
              "code": "_finalDirectory.default.interceptEmployeeName();\n_finalDirectory.default.searchEmployeebyName(_finalData.default.employeeMiddleName);\n_finalDirectory.default.verifyInterceptEmployeeSearcbyName();\n_finalDirectory.default.verifyEmployeebyName(false, _finalData.default.employeeMiddleName);",
              "err": {},
              "uuid": "ad8a7127-4656-4364-af5a-a40fc1909d1a",
              "parentUUID": "a6af9fd4-979f-4874-b1c4-834f29502d30",
              "isHook": false,
              "skipped": false
            },
            {
              "title": "DC-04 Search existing employee using employee last name",
              "fullTitle": "Directory page automation using POM and assertion DC-04 Search existing employee using employee last name",
              "timedOut": null,
              "duration": 7269,
              "state": "passed",
              "speed": "medium",
              "pass": true,
              "fail": false,
              "pending": false,
              "context": null,
              "code": "_finalDirectory.default.interceptEmployeeName();\n_finalDirectory.default.searchEmployeebyName(_finalData.default.employeeLastName);\n_finalDirectory.default.verifyInterceptEmployeeSearcbyName();\n_finalDirectory.default.verifyEmployeebyName(false, _finalData.default.employeeLastName);",
              "err": {},
              "uuid": "beba603f-3806-4f7d-9106-6d9a3e8ad875",
              "parentUUID": "a6af9fd4-979f-4874-b1c4-834f29502d30",
              "isHook": false,
              "skipped": false
            },
            {
              "title": "DC-05 Search non-registered employee",
              "fullTitle": "Directory page automation using POM and assertion DC-05 Search non-registered employee",
              "timedOut": null,
              "duration": 6654,
              "state": "passed",
              "speed": "medium",
              "pass": true,
              "fail": false,
              "pending": false,
              "context": null,
              "code": "_finalDirectory.default.interceptEmployeeName();\n_finalDirectory.default.searchEmployeebyName(_finalData.default.nonRegisteredEmployeeName, false);\n_finalDirectory.default.verifyInterceptEmployeeSearcbyName();\n_finalDirectory.default.verifyEmployeebyName(true);",
              "err": {},
              "uuid": "02aeed47-c65e-4396-8b3f-151178943b45",
              "parentUUID": "a6af9fd4-979f-4874-b1c4-834f29502d30",
              "isHook": false,
              "skipped": false
            },
            {
              "title": "DC-06 Search job with active employee",
              "fullTitle": "Directory page automation using POM and assertion DC-06 Search job with active employee",
              "timedOut": null,
              "duration": 5849,
              "state": "passed",
              "speed": "medium",
              "pass": true,
              "fail": false,
              "pending": false,
              "context": null,
              "code": "_finalDirectory.default.interceptEmployeeName();\n_finalDirectory.default.searchEmployeebyJob(_finalData.default.activeEmployeeJob);\n_finalDirectory.default.verifyInterceptEmployeeSearcbyName();\n_finalDirectory.default.verifyEmployeebyJob(false, _finalData.default.activeEmployeeJob);",
              "err": {},
              "uuid": "1e6210d0-c61e-42ef-a9eb-def31952ee2b",
              "parentUUID": "a6af9fd4-979f-4874-b1c4-834f29502d30",
              "isHook": false,
              "skipped": false
            },
            {
              "title": "DC-07 Search job without employee",
              "fullTitle": "Directory page automation using POM and assertion DC-07 Search job without employee",
              "timedOut": null,
              "duration": 5718,
              "state": "passed",
              "speed": "medium",
              "pass": true,
              "fail": false,
              "pending": false,
              "context": null,
              "code": "_finalDirectory.default.interceptEmployeeName();\n_finalDirectory.default.searchEmployeebyJob(_finalData.default.emptyEmployeeJob);\n_finalDirectory.default.verifyInterceptEmployeeSearcbyName();\n_finalDirectory.default.verifyEmployeebyJob(true);",
              "err": {},
              "uuid": "6435fabf-bc61-4b62-b172-987db8bb252a",
              "parentUUID": "a6af9fd4-979f-4874-b1c4-834f29502d30",
              "isHook": false,
              "skipped": false
            },
            {
              "title": "DC-08 Search location with active employee",
              "fullTitle": "Directory page automation using POM and assertion DC-08 Search location with active employee",
              "timedOut": null,
              "duration": 5182,
              "state": "passed",
              "speed": "medium",
              "pass": true,
              "fail": false,
              "pending": false,
              "context": null,
              "code": "_finalDirectory.default.interceptEmployeeName();\n_finalDirectory.default.searchEmployeebyLocation(_finalData.default.activeEmployeeLocation);\n_finalDirectory.default.verifyInterceptEmployeeSearcbyName();\n_finalDirectory.default.verifyEmployeebyLocation(false, _finalData.default.activeEmployeeLocation);",
              "err": {},
              "uuid": "b05a22cf-2ff0-4404-b484-23ab89f0dfcb",
              "parentUUID": "a6af9fd4-979f-4874-b1c4-834f29502d30",
              "isHook": false,
              "skipped": false
            },
            {
              "title": "DC-09 Search location with empty employee",
              "fullTitle": "Directory page automation using POM and assertion DC-09 Search location with empty employee",
              "timedOut": null,
              "duration": 5865,
              "state": "passed",
              "speed": "medium",
              "pass": true,
              "fail": false,
              "pending": false,
              "context": null,
              "code": "_finalDirectory.default.interceptEmployeeName();\n_finalDirectory.default.searchEmployeebyLocation(_finalData.default.emptyEmployeeLocation);\n_finalDirectory.default.verifyInterceptEmployeeSearcbyName();\n_finalDirectory.default.verifyEmployeebyLocation(true);",
              "err": {},
              "uuid": "4aa6c6e3-9d3e-4e6b-8abd-85674013b0d9",
              "parentUUID": "a6af9fd4-979f-4874-b1c4-834f29502d30",
              "isHook": false,
              "skipped": false
            },
            {
              "title": "DC-10 Search specific employee by name, job title, and location",
              "fullTitle": "Directory page automation using POM and assertion DC-10 Search specific employee by name, job title, and location",
              "timedOut": null,
              "duration": 7419,
              "state": "passed",
              "speed": "medium",
              "pass": true,
              "fail": false,
              "pending": false,
              "context": null,
              "code": "_finalDirectory.default.interceptEmployeeName();\n_finalDirectory.default.searchEmployeebyNameJobandLocation(_finalData.default.employeeFirstName, _finalData.default.activeEmployeeJob, _finalData.default.activeEmployeeLocation);\n_finalDirectory.default.verifyInterceptEmployeeSearcbyName();\n_finalDirectory.default.verifyEmployeebyNameJobandLocation(_finalData.default.employeeFirstName, _finalData.default.activeEmployeeJob, _finalData.default.activeEmployeeLocation);",
              "err": {},
              "uuid": "61187dad-e131-45b9-b4e3-1771f1f2271d",
              "parentUUID": "a6af9fd4-979f-4874-b1c4-834f29502d30",
              "isHook": false,
              "skipped": false
            }
          ],
          "suites": [],
          "passes": [
            "5e723286-b15a-4756-a093-0cf3d62c6420",
            "8f76651b-525b-4d16-af15-d8cf65df5ca7",
            "ad8a7127-4656-4364-af5a-a40fc1909d1a",
            "beba603f-3806-4f7d-9106-6d9a3e8ad875",
            "02aeed47-c65e-4396-8b3f-151178943b45",
            "1e6210d0-c61e-42ef-a9eb-def31952ee2b",
            "6435fabf-bc61-4b62-b172-987db8bb252a",
            "b05a22cf-2ff0-4404-b484-23ab89f0dfcb",
            "4aa6c6e3-9d3e-4e6b-8abd-85674013b0d9",
            "61187dad-e131-45b9-b4e3-1771f1f2271d"
          ],
          "failures": [],
          "pending": [],
          "skipped": [],
          "duration": 72277,
          "root": false,
          "rootEmpty": false,
          "_timeout": 2000
        }
      ],
      "passes": [],
      "failures": [],
      "pending": [],
      "skipped": [],
      "duration": 0,
      "root": true,
      "rootEmpty": true,
      "_timeout": 2000
    }
  ],
  "meta": {
    "mocha": {
      "version": "7.2.0"
    },
    "mochawesome": {
      "options": {
        "quiet": false,
        "reportFilename": "[name]-run-26-09-2026-09.19",
        "saveHtml": true,
        "saveJson": true,
        "consoleReporter": "spec",
        "useInlineDiffs": false,
        "code": true
      },
      "version": "8.1.1"
    },
    "marge": {
      "options": {
        "reportDir": "cypress/results",
        "overwrite": false,
        "html": true,
        "json": true,
        "reportFilename": "[name]-run-26-09-2026-09.19"
      },
      "version": "6.3.2"
    }
  }
}