{
  "stats": {
    "suites": 1,
    "tests": 10,
    "passes": 10,
    "pending": 0,
    "failures": 0,
    "start": "2026-09-26T02:20:21.930Z",
    "end": "2026-09-26T02:20:48.327Z",
    "duration": 26397,
    "testsRegistered": 10,
    "passPercent": 100,
    "pendingPercent": 0,
    "other": 0,
    "hasOther": false,
    "skipped": 0,
    "hasSkipped": false
  },
  "results": [
    {
      "uuid": "c395e3f6-2f50-4d35-ad04-3f0959bb2421",
      "title": "",
      "fullFile": "cypress\\e2e\\3-OrangeHRM\\3.4-Final Project\\Login page.cy.js",
      "file": "cypress\\e2e\\3-OrangeHRM\\3.4-Final Project\\Login page.cy.js",
      "beforeHooks": [],
      "afterHooks": [],
      "tests": [],
      "suites": [
        {
          "uuid": "fadf9799-3aba-40e7-bc35-b29e5b8df3dd",
          "title": "Login page automation using POM and assertion",
          "fullFile": "",
          "file": "",
          "beforeHooks": [],
          "afterHooks": [],
          "tests": [
            {
              "title": "LP-01 Verify the url of the OrangeHRM login page",
              "fullTitle": "Login page automation using POM and assertion LP-01 Verify the url of the OrangeHRM login page",
              "timedOut": null,
              "duration": 2438,
              "state": "passed",
              "speed": "fast",
              "pass": true,
              "fail": false,
              "pending": false,
              "context": null,
              "code": "_finalLogin.default.verifyInterceptLandingPage();\n_finalLogin.default.getLink();",
              "err": {},
              "uuid": "32ff33e9-fbd3-46fe-a639-43dabe2415f1",
              "parentUUID": "fadf9799-3aba-40e7-bc35-b29e5b8df3dd",
              "isHook": false,
              "skipped": false
            },
            {
              "title": "LP-02 Verify UI elements on the OrangeHRM login page",
              "fullTitle": "Login page automation using POM and assertion LP-02 Verify UI elements on the OrangeHRM login page",
              "timedOut": null,
              "duration": 1304,
              "state": "passed",
              "speed": "fast",
              "pass": true,
              "fail": false,
              "pending": false,
              "context": null,
              "code": "_finalLogin.default.getFavicon();\n_finalLogin.default.getBranding();\n_finalLogin.default.getLogo();",
              "err": {},
              "uuid": "61a39041-1733-41ad-bfaa-df2302f6f4ff",
              "parentUUID": "fadf9799-3aba-40e7-bc35-b29e5b8df3dd",
              "isHook": false,
              "skipped": false
            },
            {
              "title": "LP-03 Verify Forgot your password? button hyperlink",
              "fullTitle": "Login page automation using POM and assertion LP-03 Verify Forgot your password? button hyperlink",
              "timedOut": null,
              "duration": 3244,
              "state": "passed",
              "speed": "fast",
              "pass": true,
              "fail": false,
              "pending": false,
              "context": null,
              "code": "_finalLogin.default.interceptForgotPassword();\n_finalLogin.default.clickForgotPasswordButton();\n_finalLogin.default.verifyInterceptForgotPassword();\n_finalLogin.default.getForgotPasswordLink();",
              "err": {},
              "uuid": "dc5525da-22a7-4eda-bd47-9a2f543b8cee",
              "parentUUID": "fadf9799-3aba-40e7-bc35-b29e5b8df3dd",
              "isHook": false,
              "skipped": false
            },
            {
              "title": "LP-04 Verify mandatory field validation in the login page",
              "fullTitle": "Login page automation using POM and assertion LP-04 Verify mandatory field validation in the login page",
              "timedOut": null,
              "duration": 1477,
              "state": "passed",
              "speed": "fast",
              "pass": true,
              "fail": false,
              "pending": false,
              "context": null,
              "code": "_finalLogin.default.clickLoginButton();\n_finalLogin.default.getUsernameErrorMessage();\n_finalLogin.default.getPasswordErrorMessage();",
              "err": {},
              "uuid": "6713c134-dcdc-4a66-ba68-6c74eb3acfc0",
              "parentUUID": "fadf9799-3aba-40e7-bc35-b29e5b8df3dd",
              "isHook": false,
              "skipped": false
            },
            {
              "title": "LP-05 Verify login with registered password and empty username",
              "fullTitle": "Login page automation using POM and assertion LP-05 Verify login with registered password and empty username",
              "timedOut": null,
              "duration": 1536,
              "state": "passed",
              "speed": "fast",
              "pass": true,
              "fail": false,
              "pending": false,
              "context": null,
              "code": "_finalLogin.default.getPassword(_finalData.default.validPassword);\n_finalLogin.default.clickLoginButton();\n_finalLogin.default.getUsernameErrorMessage();",
              "err": {},
              "uuid": "726843aa-0b70-4e1a-add8-92e4a22c28f2",
              "parentUUID": "fadf9799-3aba-40e7-bc35-b29e5b8df3dd",
              "isHook": false,
              "skipped": false
            },
            {
              "title": "LP-06 Verify login with registered username and empty password",
              "fullTitle": "Login page automation using POM and assertion LP-06 Verify login with registered username and empty password",
              "timedOut": null,
              "duration": 2247,
              "state": "passed",
              "speed": "fast",
              "pass": true,
              "fail": false,
              "pending": false,
              "context": null,
              "code": "_finalLogin.default.getUsername(_finalData.default.validUsername);\n_finalLogin.default.clickLoginButton();\n_finalLogin.default.getPasswordErrorMessage();",
              "err": {},
              "uuid": "6d1b2143-ff49-45b4-b1ee-0e355e8160f4",
              "parentUUID": "fadf9799-3aba-40e7-bc35-b29e5b8df3dd",
              "isHook": false,
              "skipped": false
            },
            {
              "title": "LP-07 Verify login using non-registered account",
              "fullTitle": "Login page automation using POM and assertion LP-07 Verify login using non-registered account",
              "timedOut": null,
              "duration": 3538,
              "state": "passed",
              "speed": "fast",
              "pass": true,
              "fail": false,
              "pending": false,
              "context": null,
              "code": "_finalLogin.default.interceptLogin();\n_finalLogin.default.getUsername(_finalData.default.invalidUsername);\n_finalLogin.default.getPassword(_finalData.default.invalidPassword);\n_finalLogin.default.clickLoginButton();\n_finalLogin.default.verifyInterceptLogin();\n_finalLogin.default.getInvalidCredentialsErrorMessage();",
              "err": {},
              "uuid": "4cf7ed91-e030-4929-b39f-ba88d957c401",
              "parentUUID": "fadf9799-3aba-40e7-bc35-b29e5b8df3dd",
              "isHook": false,
              "skipped": false
            },
            {
              "title": "LP-08 Verify login using registered username and wrong password",
              "fullTitle": "Login page automation using POM and assertion LP-08 Verify login using registered username and wrong password",
              "timedOut": null,
              "duration": 3068,
              "state": "passed",
              "speed": "fast",
              "pass": true,
              "fail": false,
              "pending": false,
              "context": null,
              "code": "_finalLogin.default.interceptLogin();\n_finalLogin.default.getUsername(_finalData.default.validUsername);\n_finalLogin.default.getPassword(_finalData.default.invalidPassword);\n_finalLogin.default.clickLoginButton();\n_finalLogin.default.verifyInterceptLogin();\n_finalLogin.default.getInvalidCredentialsErrorMessage();",
              "err": {},
              "uuid": "6db9895f-bf1e-4ca1-8447-ca42a7a457b0",
              "parentUUID": "fadf9799-3aba-40e7-bc35-b29e5b8df3dd",
              "isHook": false,
              "skipped": false
            },
            {
              "title": "LP-09 Verify login using registered username and wrong password",
              "fullTitle": "Login page automation using POM and assertion LP-09 Verify login using registered username and wrong password",
              "timedOut": null,
              "duration": 2834,
              "state": "passed",
              "speed": "fast",
              "pass": true,
              "fail": false,
              "pending": false,
              "context": null,
              "code": "_finalLogin.default.interceptLogin();\n_finalLogin.default.getUsername(_finalData.default.invalidUsername);\n_finalLogin.default.getPassword(_finalData.default.validPassword);\n_finalLogin.default.clickLoginButton();\n_finalLogin.default.verifyInterceptLogin();\n_finalLogin.default.getInvalidCredentialsErrorMessage();",
              "err": {},
              "uuid": "f1726939-9518-452f-a1b4-7a9b50f83d65",
              "parentUUID": "fadf9799-3aba-40e7-bc35-b29e5b8df3dd",
              "isHook": false,
              "skipped": false
            },
            {
              "title": "LP-10 Verify login using registered account",
              "fullTitle": "Login page automation using POM and assertion LP-10 Verify login using registered account",
              "timedOut": null,
              "duration": 3181,
              "state": "passed",
              "speed": "fast",
              "pass": true,
              "fail": false,
              "pending": false,
              "context": null,
              "code": "_finalLogin.default.interceptLogin();\n_finalLogin.default.getUsername(_finalData.default.validUsername);\n_finalLogin.default.getPassword(_finalData.default.validPassword);\n_finalLogin.default.clickLoginButton();\n_finalLogin.default.verifyInterceptLogin();\n_finalLogin.default.getDashboardUrl();",
              "err": {},
              "uuid": "dc81cf47-4507-4fef-8599-cbde02263d8b",
              "parentUUID": "fadf9799-3aba-40e7-bc35-b29e5b8df3dd",
              "isHook": false,
              "skipped": false
            }
          ],
          "suites": [],
          "passes": [
            "32ff33e9-fbd3-46fe-a639-43dabe2415f1",
            "61a39041-1733-41ad-bfaa-df2302f6f4ff",
            "dc5525da-22a7-4eda-bd47-9a2f543b8cee",
            "6713c134-dcdc-4a66-ba68-6c74eb3acfc0",
            "726843aa-0b70-4e1a-add8-92e4a22c28f2",
            "6d1b2143-ff49-45b4-b1ee-0e355e8160f4",
            "4cf7ed91-e030-4929-b39f-ba88d957c401",
            "6db9895f-bf1e-4ca1-8447-ca42a7a457b0",
            "f1726939-9518-452f-a1b4-7a9b50f83d65",
            "dc81cf47-4507-4fef-8599-cbde02263d8b"
          ],
          "failures": [],
          "pending": [],
          "skipped": [],
          "duration": 24867,
          "root": false,
          "rootEmpty": false,
          "_timeout": 2000
        }
      ],
      "passes": [],
      "failures": [],
      "pending": [],
      "skipped": [],
      "duration": 0,
      "root": true,
      "rootEmpty": true,
      "_timeout": 2000
    }
  ],
  "meta": {
    "mocha": {
      "version": "7.2.0"
    },
    "mochawesome": {
      "options": {
        "quiet": false,
        "reportFilename": "[name]-run-26-09-2026-09.19",
        "saveHtml": true,
        "saveJson": true,
        "consoleReporter": "spec",
        "useInlineDiffs": false,
        "code": true
      },
      "version": "8.1.1"
    },
    "marge": {
      "options": {
        "reportDir": "cypress/results",
        "overwrite": false,
        "html": true,
        "json": true,
        "reportFilename": "[name]-run-26-09-2026-09.19"
      },
      "version": "6.3.2"
    }
  }
}