{
  "stats": {
    "suites": 1,
    "tests": 8,
    "passes": 8,
    "pending": 0,
    "failures": 0,
    "start": "2026-09-26T02:20:49.546Z",
    "end": "2026-09-26T02:21:42.174Z",
    "duration": 52628,
    "testsRegistered": 8,
    "passPercent": 100,
    "pendingPercent": 0,
    "other": 0,
    "hasOther": false,
    "skipped": 0,
    "hasSkipped": false
  },
  "results": [
    {
      "uuid": "884381aa-2507-436d-af46-a2068a7957e8",
      "title": "",
      "fullFile": "cypress\\e2e\\3-OrangeHRM\\3.4-Final Project\\Recruitment page.cy.js",
      "file": "cypress\\e2e\\3-OrangeHRM\\3.4-Final Project\\Recruitment page.cy.js",
      "beforeHooks": [],
      "afterHooks": [],
      "tests": [],
      "suites": [
        {
          "uuid": "a422bb5f-cf22-4fcd-b83f-b2f273d587fb",
          "title": "Recruitment page automation using POM and assertion",
          "fullFile": "",
          "file": "",
          "beforeHooks": [],
          "afterHooks": [],
          "tests": [
            {
              "title": "RC-01 Verify recruitment landing page",
              "fullTitle": "Recruitment page automation using POM and assertion RC-01 Verify recruitment landing page",
              "timedOut": null,
              "duration": 6207,
              "state": "passed",
              "speed": "medium",
              "pass": true,
              "fail": false,
              "pending": false,
              "context": null,
              "code": "_finalRecruitment.default.verifyInterceptRecruitmentPage();\n_finalRecruitment.default.verifyRecruitmentUrl();",
              "err": {},
              "uuid": "0709a1c6-9474-4860-8423-1e589ccc5129",
              "parentUUID": "a422bb5f-cf22-4fcd-b83f-b2f273d587fb",
              "isHook": false,
              "skipped": false
            },
            {
              "title": "RC-02 Search job with active candidates",
              "fullTitle": "Recruitment page automation using POM and assertion RC-02 Search job with active candidates",
              "timedOut": null,
              "duration": 6436,
              "state": "passed",
              "speed": "medium",
              "pass": true,
              "fail": false,
              "pending": false,
              "context": null,
              "code": "_finalRecruitment.default.interceptCandidates();\n_finalRecruitment.default.searchCandidatesbyJob(_finalData.default.activeCandidatesJob);\n_finalRecruitment.default.verifyInterceptCandidates();\n_finalRecruitment.default.verifyCandidatesbyJob(false, _finalData.default.activeCandidatesJob);",
              "err": {},
              "uuid": "0dc6e34a-8c67-4c21-a5a1-10cc8c8ab1d2",
              "parentUUID": "a422bb5f-cf22-4fcd-b83f-b2f273d587fb",
              "isHook": false,
              "skipped": false
            },
            {
              "title": "RC-03 Search job without candidates",
              "fullTitle": "Recruitment page automation using POM and assertion RC-03 Search job without candidates",
              "timedOut": null,
              "duration": 6129,
              "state": "passed",
              "speed": "medium",
              "pass": true,
              "fail": false,
              "pending": false,
              "context": null,
              "code": "_finalRecruitment.default.interceptCandidates();\n_finalRecruitment.default.searchCandidatesbyJob(_finalData.default.emptyCandidatesJob);\n_finalRecruitment.default.verifyInterceptCandidates();\n_finalRecruitment.default.verifyCandidatesbyJob(true);",
              "err": {},
              "uuid": "1e3c0ba9-7689-42f0-a355-f2ed67518716",
              "parentUUID": "a422bb5f-cf22-4fcd-b83f-b2f273d587fb",
              "isHook": false,
              "skipped": false
            },
            {
              "title": "RC-04 Search vacancy with active candidates",
              "fullTitle": "Recruitment page automation using POM and assertion RC-04 Search vacancy with active candidates",
              "timedOut": null,
              "duration": 6391,
              "state": "passed",
              "speed": "medium",
              "pass": true,
              "fail": false,
              "pending": false,
              "context": null,
              "code": "_finalRecruitment.default.interceptCandidates();\n_finalRecruitment.default.searchCandidatesbyVacancy(_finalData.default.acviteCandidatesVacancy);\n_finalRecruitment.default.verifyInterceptCandidates();\n_finalRecruitment.default.verifyCandidatesbyVacancy(false, _finalData.default.acviteCandidatesVacancy);",
              "err": {},
              "uuid": "f801e067-fa17-40f2-bf79-2abc821e9dc2",
              "parentUUID": "a422bb5f-cf22-4fcd-b83f-b2f273d587fb",
              "isHook": false,
              "skipped": false
            },
            {
              "title": "RC-05 Search vacancy without candidates",
              "fullTitle": "Recruitment page automation using POM and assertion RC-05 Search vacancy without candidates",
              "timedOut": null,
              "duration": 5994,
              "state": "passed",
              "speed": "medium",
              "pass": true,
              "fail": false,
              "pending": false,
              "context": null,
              "code": "_finalRecruitment.default.interceptCandidates();\n_finalRecruitment.default.searchCandidatesbyVacancy(_finalData.default.emptyCandidatesVacancy);\n_finalRecruitment.default.verifyInterceptCandidates();\n_finalRecruitment.default.verifyCandidatesbyVacancy(true);",
              "err": {},
              "uuid": "23f55d88-c472-488f-92a5-2b492d22c38c",
              "parentUUID": "a422bb5f-cf22-4fcd-b83f-b2f273d587fb",
              "isHook": false,
              "skipped": false
            },
            {
              "title": "RC-06 Search candidates by name",
              "fullTitle": "Recruitment page automation using POM and assertion RC-06 Search candidates by name",
              "timedOut": null,
              "duration": 6586,
              "state": "passed",
              "speed": "medium",
              "pass": true,
              "fail": false,
              "pending": false,
              "context": null,
              "code": "_finalRecruitment.default.interceptCandidates();\n_finalRecruitment.default.searchCandidatesbyName(_finalData.default.activeCandidatesName);\n_finalRecruitment.default.verifyInterceptCandidates();\n_finalRecruitment.default.verifyCandidatesbyName(false, _finalData.default.activeCandidatesName);",
              "err": {},
              "uuid": "d4bc1dbe-72c6-4501-af6b-b2ec1f01a7db",
              "parentUUID": "a422bb5f-cf22-4fcd-b83f-b2f273d587fb",
              "isHook": false,
              "skipped": false
            },
            {
              "title": "RC-07 Search non-candidates by name",
              "fullTitle": "Recruitment page automation using POM and assertion RC-07 Search non-candidates by name",
              "timedOut": null,
              "duration": 6059,
              "state": "passed",
              "speed": "medium",
              "pass": true,
              "fail": false,
              "pending": false,
              "context": null,
              "code": "_finalRecruitment.default.interceptCandidates();\n_finalRecruitment.default.searchCandidatesbyName(_finalData.default.nonCandidatesName, false);\n_finalRecruitment.default.verifyInterceptCandidates();\n_finalRecruitment.default.verifyCandidatesbyName(true);",
              "err": {},
              "uuid": "c0f23f9e-f5b0-4fbb-8fa8-e08e13b0462f",
              "parentUUID": "a422bb5f-cf22-4fcd-b83f-b2f273d587fb",
              "isHook": false,
              "skipped": false
            },
            {
              "title": "RC-08 Search specific candidates by job, vacancy, and name",
              "fullTitle": "Recruitment page automation using POM and assertion RC-08 Search specific candidates by job, vacancy, and name",
              "timedOut": null,
              "duration": 7229,
              "state": "passed",
              "speed": "medium",
              "pass": true,
              "fail": false,
              "pending": false,
              "context": null,
              "code": "_finalRecruitment.default.interceptCandidates();\n_finalRecruitment.default.searchCandidatesbyNameJobandVacancy(_finalData.default.activeCandidatesJob, _finalData.default.acviteCandidatesVacancy, _finalData.default.activeCandidatesName);\n_finalRecruitment.default.verifyInterceptCandidates();\n_finalRecruitment.default.verifyCandidatesbyNameJobandVacancy(_finalData.default.activeCandidatesJob, _finalData.default.acviteCandidatesVacancy, _finalData.default.activeCandidatesName);",
              "err": {},
              "uuid": "bc1d1b5c-d889-47d6-bf8b-e569554802f3",
              "parentUUID": "a422bb5f-cf22-4fcd-b83f-b2f273d587fb",
              "isHook": false,
              "skipped": false
            }
          ],
          "suites": [],
          "passes": [
            "0709a1c6-9474-4860-8423-1e589ccc5129",
            "0dc6e34a-8c67-4c21-a5a1-10cc8c8ab1d2",
            "1e3c0ba9-7689-42f0-a355-f2ed67518716",
            "f801e067-fa17-40f2-bf79-2abc821e9dc2",
            "23f55d88-c472-488f-92a5-2b492d22c38c",
            "d4bc1dbe-72c6-4501-af6b-b2ec1f01a7db",
            "c0f23f9e-f5b0-4fbb-8fa8-e08e13b0462f",
            "bc1d1b5c-d889-47d6-bf8b-e569554802f3"
          ],
          "failures": [],
          "pending": [],
          "skipped": [],
          "duration": 51031,
          "root": false,
          "rootEmpty": false,
          "_timeout": 2000
        }
      ],
      "passes": [],
      "failures": [],
      "pending": [],
      "skipped": [],
      "duration": 0,
      "root": true,
      "rootEmpty": true,
      "_timeout": 2000
    }
  ],
  "meta": {
    "mocha": {
      "version": "7.2.0"
    },
    "mochawesome": {
      "options": {
        "quiet": false,
        "reportFilename": "[name]-run-26-09-2026-09.19",
        "saveHtml": true,
        "saveJson": true,
        "consoleReporter": "spec",
        "useInlineDiffs": false,
        "code": true
      },
      "version": "8.1.1"
    },
    "marge": {
      "options": {
        "reportDir": "cypress/results",
        "overwrite": false,
        "html": true,
        "json": true,
        "reportFilename": "[name]-run-26-09-2026-09.19"
      },
      "version": "6.3.2"
    }
  }
}